{"D:\\Mobile App\\Folder dự án\\energy-app-source\\app\\onboarding.tsx": {"path":"D:\\Mobile App\\Folder dự án\\energy-app-source\\app\\onboarding.tsx","statementMap":{"0":{"start":{"line":9,"column":18},"end":{"line":9,"column":42}},"1":{"start":{"line":11,"column":15},"end":{"line":30,"column":1}},"2":{"start":{"line":33,"column":42},"end":{"line":33,"column":53}},"3":{"start":{"line":34,"column":20},"end":{"line":34,"column":44}},"4":{"start":{"line":36,"column":22},"end":{"line":36,"column":56}},"5":{"start":{"line":38,"column":29},"end":{"line":41,"column":3}},"6":{"start":{"line":40,"column":4},"end":{"line":40,"column":30}},"7":{"start":{"line":43,"column":21},"end":{"line":51,"column":3}},"8":{"start":{"line":44,"column":4},"end":{"line":50,"column":5}},"9":{"start":{"line":45,"column":24},"end":{"line":45,"column":40}},"10":{"start":{"line":46,"column":6},"end":{"line":46,"column":76}},"11":{"start":{"line":47,"column":6},"end":{"line":47,"column":33}},"12":{"start":{"line":49,"column":6},"end":{"line":49,"column":27}},"13":{"start":{"line":53,"column":21},"end":{"line":55,"column":3}},"14":{"start":{"line":54,"column":4},"end":{"line":54,"column":25}},"15":{"start":{"line":57,"column":23},"end":{"line":64,"column":3}},"16":{"start":{"line":60,"column":18},"end":{"line":60,"column":67}},"17":{"start":{"line":61,"column":4},"end":{"line":63,"column":5}},"18":{"start":{"line":62,"column":6},"end":{"line":62,"column":29}},"19":{"start":{"line":66,"column":2},"end":{"line":164,"column":4}},"20":{"start":{"line":97,"column":10},"end":{"line":129,"column":17}},"21":{"start":{"line":146,"column":12},"end":{"line":154,"column":14}}},"fnMap":{"0":{"name":"OnboardingScreen","decl":{"start":{"line":32,"column":24},"end":{"line":32,"column":40}},"loc":{"start":{"line":32,"column":43},"end":{"line":165,"column":1}},"line":32},"1":{"name":"(anonymous_1)","decl":{"start":{"line":38,"column":29},"end":{"line":38,"column":30}},"loc":{"start":{"line":38,"column":41},"end":{"line":41,"column":3}},"line":38},"2":{"name":"(anonymous_2)","decl":{"start":{"line":43,"column":21},"end":{"line":43,"column":22}},"loc":{"start":{"line":43,"column":27},"end":{"line":51,"column":3}},"line":43},"3":{"name":"(anonymous_3)","decl":{"start":{"line":53,"column":21},"end":{"line":53,"column":22}},"loc":{"start":{"line":53,"column":27},"end":{"line":55,"column":3}},"line":53},"4":{"name":"(anonymous_4)","decl":{"start":{"line":57,"column":23},"end":{"line":57,"column":24}},"loc":{"start":{"line":59,"column":8},"end":{"line":64,"column":3}},"line":59},"5":{"name":"(anonymous_5)","decl":{"start":{"line":96,"column":20},"end":{"line":96,"column":21}},"loc":{"start":{"line":97,"column":10},"end":{"line":129,"column":17}},"line":97},"6":{"name":"(anonymous_6)","decl":{"start":{"line":145,"column":22},"end":{"line":145,"column":23}},"loc":{"start":{"line":146,"column":12},"end":{"line":154,"column":14}},"line":146}},"branchMap":{"0":{"loc":{"start":{"line":44,"column":4},"end":{"line":50,"column":5}},"type":"if","locations":[{"start":{"line":44,"column":4},"end":{"line":50,"column":5}},{"start":{"line":48,"column":11},"end":{"line":50,"column":5}}],"line":44},"1":{"loc":{"start":{"line":61,"column":4},"end":{"line":63,"column":5}},"type":"if","locations":[{"start":{"line":61,"column":4},"end":{"line":63,"column":5}},{"start":{},"end":{}}],"line":61},"2":{"loc":{"start":{"line":77,"column":9},"end":{"line":83,"column":9}},"type":"binary-expr","locations":[{"start":{"line":77,"column":9},"end":{"line":77,"column":21}},{"start":{"line":78,"column":10},"end":{"line":82,"column":22}}],"line":77},"3":{"loc":{"start":{"line":150,"column":23},"end":{"line":150,"column":54}},"type":"cond-expr","locations":[{"start":{"line":150,"column":48},"end":{"line":150,"column":50}},{"start":{"line":150,"column":53},"end":{"line":150,"column":54}}],"line":150},"4":{"loc":{"start":{"line":152,"column":33},"end":{"line":152,"column":79}},"type":"cond-expr","locations":[{"start":{"line":152,"column":58},"end":{"line":152,"column":67}},{"start":{"line":152,"column":70},"end":{"line":152,"column":79}}],"line":152},"5":{"loc":{"start":{"line":160,"column":23},"end":{"line":160,"column":63}},"type":"cond-expr","locations":[{"start":{"line":160,"column":37},"end":{"line":160,"column":46}},{"start":{"line":160,"column":49},"end":{"line":160,"column":63}}],"line":160}},"s":{"0":1,"1":1,"2":3,"3":3,"4":3,"5":3,"6":1,"7":3,"8":0,"9":0,"10":0,"11":0,"12":0,"13":3,"14":1,"15":3,"16":0,"17":0,"18":0,"19":3,"20":9,"21":9},"f":{"0":3,"1":1,"2":0,"3":1,"4":0,"5":9,"6":9},"b":{"0":[0,0],"1":[0,0],"2":[3,3],"3":[3,6],"4":[3,6],"5":[0,3]},"_coverageSchema":"1a1c01bbd47fc00a2c39e90264f33305004495a9","hash":"26204eec3c6b10428b8475ca3cdd79f62e363890"}
,"D:\\Mobile App\\Folder dự án\\energy-app-source\\app\\(tabs)\\index.tsx": {"path":"D:\\Mobile App\\Folder dự án\\energy-app-source\\app\\(tabs)\\index.tsx","statementMap":{"0":{"start":{"line":10,"column":14},"end":{"line":10,"column":24}},"1":{"start":{"line":11,"column":15},"end":{"line":11,"column":75}},"2":{"start":{"line":12,"column":14},"end":{"line":12,"column":32}},"3":{"start":{"line":13,"column":12},"end":{"line":13,"column":54}},"4":{"start":{"line":14,"column":12},"end":{"line":14,"column":56}},"5":{"start":{"line":15,"column":2},"end":{"line":15,"column":29}},"6":{"start":{"line":18,"column":19},"end":{"line":27,"column":1}},"7":{"start":{"line":30,"column":2},"end":{"line":173,"column":4}},"8":{"start":{"line":176,"column":15},"end":{"line":201,"column":2}}},"fnMap":{"0":{"name":"getCurrentDateTime","decl":{"start":{"line":9,"column":9},"end":{"line":9,"column":27}},"loc":{"start":{"line":9,"column":30},"end":{"line":16,"column":1}},"line":9},"1":{"name":"HomeScreen","decl":{"start":{"line":29,"column":24},"end":{"line":29,"column":34}},"loc":{"start":{"line":29,"column":37},"end":{"line":174,"column":1}},"line":29}},"branchMap":{},"s":{"0":3,"1":3,"2":3,"3":3,"4":3,"5":3,"6":1,"7":3,"8":1},"f":{"0":3,"1":3},"b":{},"_coverageSchema":"1a1c01bbd47fc00a2c39e90264f33305004495a9","hash":"288cdee77d99aec9e35cac15f551a3a93df82a43"}
,"D:\\Mobile App\\Folder dự án\\energy-app-source\\assets\\images\\onboarding_1.png": {"path":"D:\\Mobile App\\Folder dự án\\energy-app-source\\assets\\images\\onboarding_1.png","statementMap":{"0":{"start":{"line":1,"column":0},"end":{"line":4,"column":6}}},"fnMap":{},"branchMap":{},"s":{"0":1},"f":{},"b":{},"_coverageSchema":"1a1c01bbd47fc00a2c39e90264f33305004495a9","hash":"6f6edaa894283c380d8c2c6976edd33113ac245e"}
,"D:\\Mobile App\\Folder dự án\\energy-app-source\\assets\\images\\onboarding_2.png": {"path":"D:\\Mobile App\\Folder dự án\\energy-app-source\\assets\\images\\onboarding_2.png","statementMap":{"0":{"start":{"line":1,"column":0},"end":{"line":4,"column":6}}},"fnMap":{},"branchMap":{},"s":{"0":1},"f":{},"b":{},"_coverageSchema":"1a1c01bbd47fc00a2c39e90264f33305004495a9","hash":"b8760b5fefd91fcbd31cc6b6e45c37b520b4dbc1"}
,"D:\\Mobile App\\Folder dự án\\energy-app-source\\assets\\images\\onboarding_3.png": {"path":"D:\\Mobile App\\Folder dự án\\energy-app-source\\assets\\images\\onboarding_3.png","statementMap":{"0":{"start":{"line":1,"column":0},"end":{"line":4,"column":6}}},"fnMap":{},"branchMap":{},"s":{"0":1},"f":{},"b":{},"_coverageSchema":"1a1c01bbd47fc00a2c39e90264f33305004495a9","hash":"a1eda60b475c4560eae8a9ca583efea0ef30f0d5"}
,"D:\\Mobile App\\Folder dự án\\energy-app-source\\components\\ui\\button\\index.tsx": {"path":"D:\\Mobile App\\Folder dự án\\energy-app-source\\components\\ui\\button\\index.tsx","statementMap":{"0":{"start":{"line":14,"column":14},"end":{"line":14,"column":22}},"1":{"start":{"line":16,"column":13},"end":{"line":16,"column":47}},"2":{"start":{"line":18,"column":17},"end":{"line":24,"column":2}},"3":{"start":{"line":26,"column":0},"end":{"line":37,"column":3}},"4":{"start":{"line":39,"column":20},"end":{"line":119,"column":2}},"5":{"start":{"line":121,"column":24},"end":{"line":198,"column":2}},"6":{"start":{"line":200,"column":24},"end":{"line":254,"column":2}},"7":{"start":{"line":256,"column":25},"end":{"line":279,"column":2}},"8":{"start":{"line":287,"column":15},"end":{"line":304,"column":1}},"9":{"start":{"line":295,"column":4},"end":{"line":302,"column":6}},"10":{"start":{"line":309,"column":19},"end":{"line":336,"column":2}},"11":{"start":{"line":317,"column":6},"end":{"line":317,"column":28}},"12":{"start":{"line":319,"column":2},"end":{"line":335,"column":4}},"13":{"start":{"line":338,"column":22},"end":{"line":338,"column":38}},"14":{"start":{"line":348,"column":19},"end":{"line":394,"column":2}},"15":{"start":{"line":356,"column":6},"end":{"line":356,"column":28}},"16":{"start":{"line":358,"column":2},"end":{"line":378,"column":3}},"17":{"start":{"line":359,"column":4},"end":{"line":366,"column":6}},"18":{"start":{"line":367,"column":9},"end":{"line":378,"column":3}},"19":{"start":{"line":371,"column":4},"end":{"line":377,"column":6}},"20":{"start":{"line":379,"column":2},"end":{"line":393,"column":4}},"21":{"start":{"line":399,"column":20},"end":{"line":426,"column":1}},"22":{"start":{"line":413,"column":4},"end":{"line":424,"column":6}},"23":{"start":{"line":428,"column":0},"end":{"line":428,"column":30}},"24":{"start":{"line":429,"column":0},"end":{"line":429,"column":38}},"25":{"start":{"line":430,"column":0},"end":{"line":430,"column":44}},"26":{"start":{"line":431,"column":0},"end":{"line":431,"column":38}},"27":{"start":{"line":432,"column":0},"end":{"line":432,"column":40}}},"fnMap":{"0":{"name":"(anonymous_0)","decl":{"start":{"line":291,"column":2},"end":{"line":291,"column":3}},"loc":{"start":{"line":294,"column":7},"end":{"line":303,"column":3}},"line":294},"1":{"name":"(anonymous_1)","decl":{"start":{"line":312,"column":2},"end":{"line":312,"column":3}},"loc":{"start":{"line":312,"column":59},"end":{"line":336,"column":1}},"line":312},"2":{"name":"(anonymous_2)","decl":{"start":{"line":351,"column":2},"end":{"line":351,"column":3}},"loc":{"start":{"line":351,"column":42},"end":{"line":394,"column":1}},"line":351},"3":{"name":"(anonymous_3)","decl":{"start":{"line":403,"column":2},"end":{"line":403,"column":3}},"loc":{"start":{"line":412,"column":7},"end":{"line":425,"column":3}},"line":412}},"branchMap":{"0":{"loc":{"start":{"line":292,"column":17},"end":{"line":292,"column":34}},"type":"default-arg","locations":[{"start":{"line":292,"column":27},"end":{"line":292,"column":34}}],"line":292},"1":{"loc":{"start":{"line":292,"column":36},"end":{"line":292,"column":47}},"type":"default-arg","locations":[{"start":{"line":292,"column":43},"end":{"line":292,"column":47}}],"line":292},"2":{"loc":{"start":{"line":292,"column":49},"end":{"line":292,"column":67}},"type":"default-arg","locations":[{"start":{"line":292,"column":58},"end":{"line":292,"column":67}}],"line":292},"3":{"loc":{"start":{"line":358,"column":2},"end":{"line":378,"column":3}},"type":"if","locations":[{"start":{"line":358,"column":2},"end":{"line":378,"column":3}},{"start":{"line":367,"column":9},"end":{"line":378,"column":3}}],"line":358},"4":{"loc":{"start":{"line":367,"column":9},"end":{"line":378,"column":3}},"type":"if","locations":[{"start":{"line":367,"column":9},"end":{"line":378,"column":3}},{"start":{},"end":{}}],"line":367},"5":{"loc":{"start":{"line":368,"column":4},"end":{"line":369,"column":22}},"type":"binary-expr","locations":[{"start":{"line":368,"column":5},"end":{"line":368,"column":31}},{"start":{"line":368,"column":35},"end":{"line":368,"column":60}},{"start":{"line":369,"column":4},"end":{"line":369,"column":22}}],"line":368},"6":{"loc":{"start":{"line":406,"column":6},"end":{"line":406,"column":18}},"type":"default-arg","locations":[{"start":{"line":406,"column":14},"end":{"line":406,"column":18}}],"line":406},"7":{"loc":{"start":{"line":407,"column":6},"end":{"line":407,"column":24}},"type":"default-arg","locations":[{"start":{"line":407,"column":19},"end":{"line":407,"column":24}}],"line":407},"8":{"loc":{"start":{"line":408,"column":6},"end":{"line":408,"column":30}},"type":"default-arg","locations":[{"start":{"line":408,"column":22},"end":{"line":408,"column":30}}],"line":408}},"s":{"0":2,"1":2,"2":2,"3":2,"4":2,"5":2,"6":2,"7":2,"8":2,"9":6,"10":2,"11":6,"12":6,"13":2,"14":2,"15":0,"16":0,"17":0,"18":0,"19":0,"20":0,"21":2,"22":0,"23":2,"24":2,"25":2,"26":2,"27":2},"f":{"0":6,"1":6,"2":0,"3":0},"b":{"0":[6],"1":[0],"2":[6],"3":[0,0],"4":[0,0],"5":[0,0,0],"6":[0],"7":[0],"8":[0]},"_coverageSchema":"1a1c01bbd47fc00a2c39e90264f33305004495a9","hash":"72438f1d77b6293e7ebdc66cfdd937d5c8a0be6d"}
,"D:\\Mobile App\\Folder dự án\\energy-app-source\\components\\ui\\heading\\index.tsx": {"path":"D:\\Mobile App\\Folder dự án\\energy-app-source\\components\\ui\\heading\\index.tsx","statementMap":{"0":{"start":{"line":12,"column":0},"end":{"line":12,"column":39}},"1":{"start":{"line":13,"column":0},"end":{"line":13,"column":39}},"2":{"start":{"line":14,"column":0},"end":{"line":14,"column":39}},"3":{"start":{"line":15,"column":0},"end":{"line":15,"column":39}},"4":{"start":{"line":16,"column":0},"end":{"line":16,"column":39}},"5":{"start":{"line":17,"column":0},"end":{"line":17,"column":39}},"6":{"start":{"line":19,"column":22},"end":{"line":176,"column":1}},"7":{"start":{"line":36,"column":6},"end":{"line":173,"column":7}},"8":{"start":{"line":40,"column":10},"end":{"line":57,"column":12}},"9":{"start":{"line":59,"column":10},"end":{"line":76,"column":12}},"10":{"start":{"line":78,"column":10},"end":{"line":95,"column":12}},"11":{"start":{"line":97,"column":10},"end":{"line":114,"column":12}},"12":{"start":{"line":116,"column":10},"end":{"line":133,"column":12}},"13":{"start":{"line":136,"column":10},"end":{"line":153,"column":12}},"14":{"start":{"line":155,"column":10},"end":{"line":172,"column":12}},"15":{"start":{"line":178,"column":16},"end":{"line":216,"column":1}},"16":{"start":{"line":191,"column":8},"end":{"line":191,"column":13}},"17":{"start":{"line":193,"column":4},"end":{"line":210,"column":5}},"18":{"start":{"line":194,"column":6},"end":{"line":209,"column":8}},"19":{"start":{"line":212,"column":4},"end":{"line":214,"column":6}},"20":{"start":{"line":218,"column":0},"end":{"line":218,"column":32}}},"fnMap":{"0":{"name":"MappedHeading","decl":{"start":{"line":21,"column":13},"end":{"line":21,"column":26}},"loc":{"start":{"line":35,"column":6},"end":{"line":174,"column":5}},"line":35},"1":{"name":"Heading","decl":{"start":{"line":179,"column":68},"end":{"line":179,"column":75}},"loc":{"start":{"line":182,"column":4},"end":{"line":215,"column":3}},"line":182}},"branchMap":{"0":{"loc":{"start":{"line":36,"column":6},"end":{"line":173,"column":7}},"type":"switch","locations":[{"start":{"line":37,"column":8},"end":{"line":37,"column":19}},{"start":{"line":38,"column":8},"end":{"line":38,"column":19}},{"start":{"line":39,"column":8},"end":{"line":57,"column":12}},{"start":{"line":58,"column":8},"end":{"line":76,"column":12}},{"start":{"line":77,"column":8},"end":{"line":95,"column":12}},{"start":{"line":96,"column":8},"end":{"line":114,"column":12}},{"start":{"line":115,"column":8},"end":{"line":133,"column":12}},{"start":{"line":134,"column":8},"end":{"line":134,"column":18}},{"start":{"line":135,"column":8},"end":{"line":153,"column":12}},{"start":{"line":154,"column":8},"end":{"line":172,"column":12}}],"line":36},"1":{"loc":{"start":{"line":180,"column":17},"end":{"line":180,"column":28}},"type":"default-arg","locations":[{"start":{"line":180,"column":24},"end":{"line":180,"column":28}}],"line":180},"2":{"loc":{"start":{"line":193,"column":4},"end":{"line":210,"column":5}},"type":"if","locations":[{"start":{"line":193,"column":4},"end":{"line":210,"column":5}},{"start":{},"end":{}}],"line":193}},"s":{"0":2,"1":2,"2":2,"3":2,"4":2,"5":2,"6":2,"7":15,"8":0,"9":3,"10":9,"11":3,"12":0,"13":0,"14":0,"15":2,"16":15,"17":15,"18":0,"19":15,"20":2},"f":{"0":15,"1":15},"b":{"0":[0,0,0,3,9,3,0,0,0,0],"1":[0],"2":[0,15]},"_coverageSchema":"1a1c01bbd47fc00a2c39e90264f33305004495a9","hash":"cca2f0b2a7050d7696435f8f847b017122f386eb"}
,"D:\\Mobile App\\Folder dự án\\energy-app-source\\components\\ui\\heading\\styles.tsx": {"path":"D:\\Mobile App\\Folder dự án\\energy-app-source\\components\\ui\\heading\\styles.tsx","statementMap":{"0":{"start":{"line":3,"column":18},"end":{"line":5,"column":6}},"1":{"start":{"line":7,"column":28},"end":{"line":43,"column":2}}},"fnMap":{},"branchMap":{"0":{"loc":{"start":{"line":3,"column":18},"end":{"line":5,"column":6}},"type":"cond-expr","locations":[{"start":{"line":4,"column":4},"end":{"line":4,"column":189}},{"start":{"line":5,"column":4},"end":{"line":5,"column":6}}],"line":3}},"s":{"0":2,"1":2},"f":{},"b":{"0":[0,2]},"_coverageSchema":"1a1c01bbd47fc00a2c39e90264f33305004495a9","hash":"8939c673c1d6649d1bb6c6af4539b06c4bf62e7b"}
,"D:\\Mobile App\\Folder dự án\\energy-app-source\\components\\ui\\text\\index.tsx": {"path":"D:\\Mobile App\\Folder dự án\\energy-app-source\\components\\ui\\text\\index.tsx","statementMap":{"0":{"start":{"line":10,"column":13},"end":{"line":44,"column":1}},"1":{"start":{"line":26,"column":4},"end":{"line":42,"column":6}},"2":{"start":{"line":46,"column":0},"end":{"line":46,"column":26}}},"fnMap":{"0":{"name":"Text","decl":{"start":{"line":11,"column":11},"end":{"line":11,"column":15}},"loc":{"start":{"line":25,"column":4},"end":{"line":43,"column":3}},"line":25}},"branchMap":{"0":{"loc":{"start":{"line":18,"column":6},"end":{"line":18,"column":17}},"type":"default-arg","locations":[{"start":{"line":18,"column":13},"end":{"line":18,"column":17}}],"line":18}},"s":{"0":2,"1":42,"2":2},"f":{"0":42},"b":{"0":[6]},"_coverageSchema":"1a1c01bbd47fc00a2c39e90264f33305004495a9","hash":"eeb3f6c5d9dd76b9375fbab68c25a53ca5503adf"}
,"D:\\Mobile App\\Folder dự án\\energy-app-source\\components\\ui\\text\\styles.tsx": {"path":"D:\\Mobile App\\Folder dự án\\energy-app-source\\components\\ui\\text\\styles.tsx","statementMap":{"0":{"start":{"line":4,"column":18},"end":{"line":6,"column":6}},"1":{"start":{"line":8,"column":25},"end":{"line":47,"column":2}}},"fnMap":{},"branchMap":{"0":{"loc":{"start":{"line":4,"column":18},"end":{"line":6,"column":6}},"type":"cond-expr","locations":[{"start":{"line":5,"column":4},"end":{"line":5,"column":194}},{"start":{"line":6,"column":4},"end":{"line":6,"column":6}}],"line":4}},"s":{"0":2,"1":2},"f":{},"b":{"0":[0,2]},"_coverageSchema":"1a1c01bbd47fc00a2c39e90264f33305004495a9","hash":"29f55a9e28973b1caa12eb89ffa0433939571608"}
}
