{"/Users/huynhat/HCMUT/energy-app-source/app/onboarding.tsx": {"path":"/Users/huynhat/HCMUT/energy-app-source/app/onboarding.tsx","statementMap":{"0":{"start":{"line":9,"column":18},"end":{"line":9,"column":42}},"1":{"start":{"line":11,"column":15},"end":{"line":30,"column":1}},"2":{"start":{"line":33,"column":42},"end":{"line":33,"column":53}},"3":{"start":{"line":34,"column":20},"end":{"line":34,"column":44}},"4":{"start":{"line":36,"column":22},"end":{"line":36,"column":56}},"5":{"start":{"line":38,"column":29},"end":{"line":41,"column":3}},"6":{"start":{"line":40,"column":4},"end":{"line":40,"column":30}},"7":{"start":{"line":43,"column":21},"end":{"line":51,"column":3}},"8":{"start":{"line":44,"column":4},"end":{"line":50,"column":5}},"9":{"start":{"line":45,"column":24},"end":{"line":45,"column":40}},"10":{"start":{"line":46,"column":6},"end":{"line":46,"column":76}},"11":{"start":{"line":47,"column":6},"end":{"line":47,"column":33}},"12":{"start":{"line":49,"column":6},"end":{"line":49,"column":27}},"13":{"start":{"line":53,"column":21},"end":{"line":55,"column":3}},"14":{"start":{"line":54,"column":4},"end":{"line":54,"column":25}},"15":{"start":{"line":57,"column":23},"end":{"line":64,"column":3}},"16":{"start":{"line":60,"column":18},"end":{"line":60,"column":67}},"17":{"start":{"line":61,"column":4},"end":{"line":63,"column":5}},"18":{"start":{"line":62,"column":6},"end":{"line":62,"column":29}},"19":{"start":{"line":66,"column":2},"end":{"line":164,"column":4}},"20":{"start":{"line":97,"column":10},"end":{"line":129,"column":17}},"21":{"start":{"line":146,"column":12},"end":{"line":154,"column":14}}},"fnMap":{"0":{"name":"OnboardingScreen","decl":{"start":{"line":32,"column":24},"end":{"line":32,"column":40}},"loc":{"start":{"line":32,"column":43},"end":{"line":165,"column":1}},"line":32},"1":{"name":"(anonymous_1)","decl":{"start":{"line":38,"column":29},"end":{"line":38,"column":30}},"loc":{"start":{"line":38,"column":41},"end":{"line":41,"column":3}},"line":38},"2":{"name":"(anonymous_2)","decl":{"start":{"line":43,"column":21},"end":{"line":43,"column":22}},"loc":{"start":{"line":43,"column":27},"end":{"line":51,"column":3}},"line":43},"3":{"name":"(anonymous_3)","decl":{"start":{"line":53,"column":21},"end":{"line":53,"column":22}},"loc":{"start":{"line":53,"column":27},"end":{"line":55,"column":3}},"line":53},"4":{"name":"(anonymous_4)","decl":{"start":{"line":57,"column":23},"end":{"line":57,"column":24}},"loc":{"start":{"line":59,"column":8},"end":{"line":64,"column":3}},"line":59},"5":{"name":"(anonymous_5)","decl":{"start":{"line":96,"column":20},"end":{"line":96,"column":21}},"loc":{"start":{"line":97,"column":10},"end":{"line":129,"column":17}},"line":97},"6":{"name":"(anonymous_6)","decl":{"start":{"line":145,"column":22},"end":{"line":145,"column":23}},"loc":{"start":{"line":146,"column":12},"end":{"line":154,"column":14}},"line":146}},"branchMap":{"0":{"loc":{"start":{"line":44,"column":4},"end":{"line":50,"column":5}},"type":"if","locations":[{"start":{"line":44,"column":4},"end":{"line":50,"column":5}},{"start":{"line":48,"column":11},"end":{"line":50,"column":5}}],"line":44},"1":{"loc":{"start":{"line":61,"column":4},"end":{"line":63,"column":5}},"type":"if","locations":[{"start":{"line":61,"column":4},"end":{"line":63,"column":5}},{"start":{},"end":{}}],"line":61},"2":{"loc":{"start":{"line":77,"column":9},"end":{"line":83,"column":9}},"type":"binary-expr","locations":[{"start":{"line":77,"column":9},"end":{"line":77,"column":21}},{"start":{"line":78,"column":10},"end":{"line":82,"column":22}}],"line":77},"3":{"loc":{"start":{"line":150,"column":23},"end":{"line":150,"column":54}},"type":"cond-expr","locations":[{"start":{"line":150,"column":48},"end":{"line":150,"column":50}},{"start":{"line":150,"column":53},"end":{"line":150,"column":54}}],"line":150},"4":{"loc":{"start":{"line":152,"column":33},"end":{"line":152,"column":79}},"type":"cond-expr","locations":[{"start":{"line":152,"column":58},"end":{"line":152,"column":67}},{"start":{"line":152,"column":70},"end":{"line":152,"column":79}}],"line":152},"5":{"loc":{"start":{"line":160,"column":23},"end":{"line":160,"column":63}},"type":"cond-expr","locations":[{"start":{"line":160,"column":37},"end":{"line":160,"column":46}},{"start":{"line":160,"column":49},"end":{"line":160,"column":63}}],"line":160}},"s":{"0":1,"1":1,"2":26,"3":26,"4":26,"5":26,"6":2,"7":26,"8":7,"9":6,"10":6,"11":6,"12":1,"13":26,"14":1,"15":26,"16":5,"17":5,"18":5,"19":26,"20":78,"21":78},"f":{"0":26,"1":2,"2":7,"3":1,"4":5,"5":78,"6":78},"b":{"0":[6,1],"1":[5,0],"2":[26,21],"3":[26,52],"4":[26,52],"5":[5,21]},"_coverageSchema":"1a1c01bbd47fc00a2c39e90264f33305004495a9","hash":"02ec6994aab5aa4867f7b142800ffb1fd9fdc9d5"}
,"/Users/huynhat/HCMUT/energy-app-source/app/(tabs)/index.tsx": {"path":"/Users/huynhat/HCMUT/energy-app-source/app/(tabs)/index.tsx","statementMap":{"0":{"start":{"line":10,"column":14},"end":{"line":10,"column":24}},"1":{"start":{"line":11,"column":15},"end":{"line":11,"column":75}},"2":{"start":{"line":12,"column":14},"end":{"line":12,"column":32}},"3":{"start":{"line":13,"column":12},"end":{"line":13,"column":54}},"4":{"start":{"line":14,"column":12},"end":{"line":14,"column":56}},"5":{"start":{"line":15,"column":2},"end":{"line":15,"column":29}},"6":{"start":{"line":18,"column":19},"end":{"line":27,"column":1}},"7":{"start":{"line":30,"column":2},"end":{"line":173,"column":4}},"8":{"start":{"line":176,"column":15},"end":{"line":201,"column":2}}},"fnMap":{"0":{"name":"getCurrentDateTime","decl":{"start":{"line":9,"column":9},"end":{"line":9,"column":27}},"loc":{"start":{"line":9,"column":30},"end":{"line":16,"column":1}},"line":9},"1":{"name":"HomeScreen","decl":{"start":{"line":29,"column":24},"end":{"line":29,"column":34}},"loc":{"start":{"line":29,"column":37},"end":{"line":174,"column":1}},"line":29}},"branchMap":{},"s":{"0":15,"1":15,"2":15,"3":15,"4":15,"5":15,"6":1,"7":15,"8":1},"f":{"0":15,"1":15},"b":{},"_coverageSchema":"1a1c01bbd47fc00a2c39e90264f33305004495a9","hash":"b737de6c697e95baee93e4668bf0cf7b01806b10"}
,"/Users/huynhat/HCMUT/energy-app-source/assets/images/onboarding_1.png": {"path":"/Users/huynhat/HCMUT/energy-app-source/assets/images/onboarding_1.png","statementMap":{"0":{"start":{"line":1,"column":0},"end":{"line":4,"column":6}}},"fnMap":{},"branchMap":{},"s":{"0":1},"f":{},"b":{},"_coverageSchema":"1a1c01bbd47fc00a2c39e90264f33305004495a9","hash":"ee2ea2490095d79ebaead1d6b7375878ada9be36"}
,"/Users/huynhat/HCMUT/energy-app-source/assets/images/onboarding_2.png": {"path":"/Users/huynhat/HCMUT/energy-app-source/assets/images/onboarding_2.png","statementMap":{"0":{"start":{"line":1,"column":0},"end":{"line":4,"column":6}}},"fnMap":{},"branchMap":{},"s":{"0":1},"f":{},"b":{},"_coverageSchema":"1a1c01bbd47fc00a2c39e90264f33305004495a9","hash":"155802210c81b39d991de1512241635f85e49d77"}
,"/Users/huynhat/HCMUT/energy-app-source/assets/images/onboarding_3.png": {"path":"/Users/huynhat/HCMUT/energy-app-source/assets/images/onboarding_3.png","statementMap":{"0":{"start":{"line":1,"column":0},"end":{"line":4,"column":6}}},"fnMap":{},"branchMap":{},"s":{"0":1},"f":{},"b":{},"_coverageSchema":"1a1c01bbd47fc00a2c39e90264f33305004495a9","hash":"7b0b79a33902ce700e0fcadf0fa65893d409420f"}
}
