TN:
SF:app/analystic.tsx
FN:22,(anonymous_0)
FN:29,AnalysticScreen
FN:42,(anonymous_2)
FN:61,(anonymous_3)
FN:89,(anonymous_4)
FN:121,(anonymous_5)
FN:162,(anonymous_6)
FNF:7
FNH:6
FNDA:9,(anonymous_0)
FNDA:3,AnalysticScreen
FNDA:2,(anonymous_2)
FNDA:2,(anonymous_3)
FNDA:1,(anonymous_4)
FNDA:0,(anonymous_5)
FNDA:3,(anonymous_6)
DA:21,1
DA:22,9
DA:24,1
DA:25,1
DA:26,1
DA:27,1
DA:30,3
DA:31,3
DA:32,3
DA:36,3
DA:37,3
DA:38,3
DA:39,3
DA:40,3
DA:42,3
DA:43,2
DA:49,2
DA:58,2
DA:59,2
DA:61,2
DA:62,2
DA:63,2
DA:64,2
DA:66,2
DA:70,2
DA:82,1
DA:83,1
DA:84,0
DA:87,1
DA:89,1
DA:90,1
DA:98,0
DA:99,0
DA:100,0
DA:104,2
DA:108,3
DA:113,3
DA:121,0
DA:162,1
DA:163,3
LF:40
LH:35
BRDA:58,0,0,0
BRDA:58,0,1,2
BRDA:63,1,0,2
BRDA:63,1,1,0
BRDA:66,2,0,2
BRDA:66,2,1,0
BRDA:66,3,0,2
BRDA:66,3,1,2
BRDA:78,4,0,2
BRDA:78,4,1,0
BRDA:83,5,0,0
BRDA:83,5,1,1
BRDA:115,6,0,0
BRDA:115,6,1,3
BRF:14
BRH:8
end_of_record
TN:
SF:app/change-password.tsx
FN:25,(anonymous_0)
FN:27,ChangePasswordScreen
FN:49,(anonymous_2)
FN:50,(anonymous_3)
FN:57,(anonymous_4)
FN:67,(anonymous_5)
FN:100,(anonymous_6)
FN:125,(anonymous_7)
FN:168,(anonymous_8)
FN:172,(anonymous_9)
FN:173,(anonymous_10)
FN:182,(anonymous_11)
FN:182,(anonymous_12)
FN:207,(anonymous_13)
FN:211,(anonymous_14)
FN:212,(anonymous_15)
FN:221,(anonymous_16)
FN:221,(anonymous_17)
FN:246,(anonymous_18)
FN:250,(anonymous_19)
FN:251,(anonymous_20)
FN:260,(anonymous_21)
FN:261,(anonymous_22)
FN:302,(anonymous_23)
FNF:24
FNH:0
FNDA:0,(anonymous_0)
FNDA:0,ChangePasswordScreen
FNDA:0,(anonymous_2)
FNDA:0,(anonymous_3)
FNDA:0,(anonymous_4)
FNDA:0,(anonymous_5)
FNDA:0,(anonymous_6)
FNDA:0,(anonymous_7)
FNDA:0,(anonymous_8)
FNDA:0,(anonymous_9)
FNDA:0,(anonymous_10)
FNDA:0,(anonymous_11)
FNDA:0,(anonymous_12)
FNDA:0,(anonymous_13)
FNDA:0,(anonymous_14)
FNDA:0,(anonymous_15)
FNDA:0,(anonymous_16)
FNDA:0,(anonymous_17)
FNDA:0,(anonymous_18)
FNDA:0,(anonymous_19)
FNDA:0,(anonymous_20)
FNDA:0,(anonymous_21)
FNDA:0,(anonymous_22)
FNDA:0,(anonymous_23)
DA:24,0
DA:25,0
DA:28,0
DA:29,0
DA:30,0
DA:31,0
DA:33,0
DA:34,0
DA:36,0
DA:37,0
DA:38,0
DA:39,0
DA:40,0
DA:41,0
DA:42,0
DA:43,0
DA:44,0
DA:45,0
DA:46,0
DA:47,0
DA:49,0
DA:50,0
DA:51,0
DA:52,0
DA:57,0
DA:58,0
DA:59,0
DA:63,0
DA:67,0
DA:68,0
DA:70,0
DA:71,0
DA:72,0
DA:75,0
DA:76,0
DA:77,0
DA:80,0
DA:81,0
DA:82,0
DA:85,0
DA:86,0
DA:87,0
DA:90,0
DA:91,0
DA:92,0
DA:94,0
DA:95,0
DA:99,0
DA:100,0
DA:101,0
DA:104,0
DA:105,0
DA:107,0
DA:110,0
DA:114,0
DA:125,0
DA:169,0
DA:170,0
DA:172,0
DA:173,0
DA:182,0
DA:208,0
DA:209,0
DA:211,0
DA:212,0
DA:221,0
DA:247,0
DA:248,0
DA:250,0
DA:251,0
DA:261,0
DA:302,0
DA:303,0
LF:73
LH:0
BRDA:33,0,0,0
BRDA:33,0,1,0
BRDA:51,1,0,0
BRDA:51,1,1,0
BRDA:58,2,0,0
BRDA:58,2,1,0
BRDA:59,3,0,0
BRDA:59,3,1,0
BRDA:63,4,0,0
BRDA:63,4,1,0
BRDA:63,4,2,0
BRDA:68,5,0,0
BRDA:68,5,1,0
BRDA:68,6,0,0
BRDA:68,6,1,0
BRDA:70,7,0,0
BRDA:70,7,1,0
BRDA:75,8,0,0
BRDA:75,8,1,0
BRDA:80,9,0,0
BRDA:80,9,1,0
BRDA:85,10,0,0
BRDA:85,10,1,0
BRDA:104,11,0,0
BRDA:104,11,1,0
BRDA:105,12,0,0
BRDA:105,12,1,0
BRDA:118,13,0,0
BRDA:118,13,1,0
BRDA:133,14,0,0
BRDA:133,14,1,0
BRDA:133,14,2,0
BRDA:137,15,0,0
BRDA:137,15,1,0
BRDA:141,16,0,0
BRDA:141,16,1,0
BRDA:143,17,0,0
BRDA:143,17,1,0
BRDA:148,18,0,0
BRDA:148,18,1,0
BRDA:151,19,0,0
BRDA:151,19,1,0
BRDA:162,20,0,0
BRDA:162,20,1,0
BRDA:187,21,0,0
BRDA:187,21,1,0
BRDA:201,22,0,0
BRDA:201,22,1,0
BRDA:226,23,0,0
BRDA:226,23,1,0
BRDA:240,24,0,0
BRDA:240,24,1,0
BRDA:268,25,0,0
BRDA:268,25,1,0
BRDA:283,26,0,0
BRDA:283,26,1,0
BRDA:283,26,2,0
BRDA:286,27,0,0
BRDA:286,27,1,0
BRDA:288,28,0,0
BRDA:288,28,1,0
BRF:61
BRH:0
end_of_record
TN:
SF:app/index.tsx
FN:7,Index
FNF:1
FNH:1
FNDA:1,Index
DA:8,1
DA:9,1
DA:11,1
DA:12,0
DA:19,1
DA:20,0
DA:23,1
LF:7
LH:5
BRDA:11,0,0,0
BRDA:11,0,1,1
BRDA:19,1,0,0
BRDA:19,1,1,1
BRF:4
BRH:2
end_of_record
TN:
SF:app/login.tsx
FN:25,(anonymous_0)
FN:27,LoginScreen
FN:44,(anonymous_2)
FN:105,(anonymous_3)
FN:109,(anonymous_4)
FN:110,(anonymous_5)
FN:133,(anonymous_6)
FN:137,(anonymous_7)
FN:138,(anonymous_8)
FN:147,(anonymous_9)
FN:147,(anonymous_10)
FN:194,(anonymous_11)
FN:204,(anonymous_12)
FNF:13
FNH:0
FNDA:0,(anonymous_0)
FNDA:0,LoginScreen
FNDA:0,(anonymous_2)
FNDA:0,(anonymous_3)
FNDA:0,(anonymous_4)
FNDA:0,(anonymous_5)
FNDA:0,(anonymous_6)
FNDA:0,(anonymous_7)
FNDA:0,(anonymous_8)
FNDA:0,(anonymous_9)
FNDA:0,(anonymous_10)
FNDA:0,(anonymous_11)
FNDA:0,(anonymous_12)
DA:24,0
DA:25,0
DA:28,0
DA:29,0
DA:30,0
DA:31,0
DA:33,0
DA:34,0
DA:35,0
DA:36,0
DA:37,0
DA:38,0
DA:39,0
DA:40,0
DA:42,0
DA:44,0
DA:45,0
DA:46,0
DA:47,0
DA:48,0
DA:49,0
DA:50,0
DA:52,0
DA:53,0
DA:55,0
DA:58,0
DA:62,0
DA:106,0
DA:107,0
DA:109,0
DA:110,0
DA:134,0
DA:135,0
DA:137,0
DA:138,0
DA:147,0
DA:194,0
DA:204,0
DA:205,0
LF:39
LH:0
BRDA:33,0,0,0
BRDA:33,0,1,0
BRDA:42,1,0,0
BRDA:42,1,1,0
BRDA:45,2,0,0
BRDA:45,2,1,0
BRDA:45,3,0,0
BRDA:45,3,1,0
BRDA:52,4,0,0
BRDA:52,4,1,0
BRDA:53,5,0,0
BRDA:53,5,1,0
BRDA:66,6,0,0
BRDA:66,6,1,0
BRDA:88,7,0,0
BRDA:88,7,1,0
BRDA:103,8,0,0
BRDA:103,8,1,0
BRDA:127,9,0,0
BRDA:127,9,1,0
BRDA:152,10,0,0
BRDA:152,10,1,0
BRDA:170,11,0,0
BRDA:170,11,1,0
BRDA:170,11,2,0
BRDA:173,12,0,0
BRDA:173,12,1,0
BRDA:175,13,0,0
BRDA:175,13,1,0
BRF:29
BRH:0
end_of_record
TN:
SF:app/modal.tsx
FN:7,ModalScreen
FNF:1
FNH:1
FNDA:3,ModalScreen
DA:8,3
DA:18,1
LF:2
LH:2
BRF:0
BRH:0
end_of_record
TN:
SF:app/onboarding.tsx
FN:12,(anonymous_0)
FN:35,OnboardingScreen
FN:43,(anonymous_2)
FN:48,(anonymous_3)
FN:58,(anonymous_4)
FN:62,(anonymous_5)
FN:104,(anonymous_6)
FN:153,(anonymous_7)
FNF:8
FNH:8
FNDA:276,(anonymous_0)
FNDA:26,OnboardingScreen
FNDA:2,(anonymous_2)
FNDA:7,(anonymous_3)
FNDA:1,(anonymous_4)
FNDA:5,(anonymous_5)
FNDA:78,(anonymous_6)
FNDA:78,(anonymous_7)
DA:11,1
DA:12,276
DA:14,1
DA:36,26
DA:37,26
DA:38,26
DA:39,26
DA:41,26
DA:43,26
DA:45,2
DA:48,26
DA:49,7
DA:50,6
DA:51,6
DA:52,6
DA:54,1
DA:58,26
DA:59,1
DA:62,26
DA:65,5
DA:66,5
DA:67,5
DA:71,26
DA:105,78
DA:154,78
LF:25
LH:25
BRDA:49,0,0,6
BRDA:49,0,1,1
BRDA:66,1,0,5
BRDA:66,1,1,0
BRDA:82,2,0,26
BRDA:82,2,1,21
BRDA:158,3,0,26
BRDA:158,3,1,52
BRDA:160,4,0,26
BRDA:160,4,1,52
BRDA:172,5,0,21
BRDA:172,5,1,5
BRDA:176,6,0,0
BRDA:176,6,1,21
BRDA:181,7,0,5
BRDA:181,7,1,21
BRF:16
BRH:14
end_of_record
TN:
SF:app/profile-update.tsx
FN:25,(anonymous_0)
FN:27,ProfileUpdateScreen
FN:42,(anonymous_2)
FN:51,(anonymous_3)
FN:56,(anonymous_4)
FN:88,(anonymous_5)
FN:110,(anonymous_6)
FN:167,(anonymous_7)
FN:171,(anonymous_8)
FN:172,(anonymous_9)
FN:210,(anonymous_10)
FNF:11
FNH:0
FNDA:0,(anonymous_0)
FNDA:0,ProfileUpdateScreen
FNDA:0,(anonymous_2)
FNDA:0,(anonymous_3)
FNDA:0,(anonymous_4)
FNDA:0,(anonymous_5)
FNDA:0,(anonymous_6)
FNDA:0,(anonymous_7)
FNDA:0,(anonymous_8)
FNDA:0,(anonymous_9)
FNDA:0,(anonymous_10)
DA:24,0
DA:25,0
DA:28,0
DA:29,0
DA:30,0
DA:31,0
DA:33,0
DA:36,0
DA:37,0
DA:38,0
DA:39,0
DA:40,0
DA:42,0
DA:43,0
DA:46,0
DA:49,0
DA:51,0
DA:52,0
DA:53,0
DA:56,0
DA:57,0
DA:59,0
DA:60,0
DA:61,0
DA:63,0
DA:64,0
DA:67,0
DA:69,0
DA:70,0
DA:72,0
DA:75,0
DA:79,0
DA:80,0
DA:88,0
DA:97,0
DA:110,0
DA:168,0
DA:169,0
DA:171,0
DA:172,0
DA:210,0
DA:211,0
LF:42
LH:0
BRDA:33,0,0,0
BRDA:33,0,1,0
BRDA:43,1,0,0
BRDA:43,1,1,0
BRDA:46,2,0,0
BRDA:46,2,1,0
BRDA:52,3,0,0
BRDA:52,3,1,0
BRDA:53,4,0,0
BRDA:53,4,1,0
BRDA:57,5,0,0
BRDA:57,5,1,0
BRDA:57,6,0,0
BRDA:57,6,1,0
BRDA:57,6,2,0
BRDA:69,7,0,0
BRDA:69,7,1,0
BRDA:70,8,0,0
BRDA:70,8,1,0
BRDA:79,9,0,0
BRDA:79,9,1,0
BRDA:101,10,0,0
BRDA:101,10,1,0
BRDA:118,11,0,0
BRDA:118,11,1,0
BRDA:126,12,0,0
BRDA:126,12,1,0
BRDA:126,12,2,0
BRDA:130,13,0,0
BRDA:130,13,1,0
BRDA:134,14,0,0
BRDA:134,14,1,0
BRDA:136,15,0,0
BRDA:136,15,1,0
BRDA:141,16,0,0
BRDA:141,16,1,0
BRDA:144,17,0,0
BRDA:144,17,1,0
BRDA:164,18,0,0
BRDA:164,18,1,0
BRDA:191,19,0,0
BRDA:191,19,1,0
BRDA:191,19,2,0
BRDA:194,20,0,0
BRDA:194,20,1,0
BRDA:196,21,0,0
BRDA:196,21,1,0
BRF:47
BRH:0
end_of_record
TN:
SF:app/register.tsx
FN:25,(anonymous_0)
FN:27,RegisterScreen
FN:58,(anonymous_2)
FN:98,(anonymous_3)
FN:113,(anonymous_4)
FN:162,(anonymous_5)
FN:166,(anonymous_6)
FN:167,(anonymous_7)
FN:181,(anonymous_8)
FN:185,(anonymous_9)
FN:186,(anonymous_10)
FN:209,(anonymous_11)
FN:213,(anonymous_12)
FN:214,(anonymous_13)
FN:223,(anonymous_14)
FN:223,(anonymous_15)
FN:249,(anonymous_16)
FN:253,(anonymous_17)
FN:254,(anonymous_18)
FN:263,(anonymous_19)
FN:263,(anonymous_20)
FN:302,(anonymous_21)
FN:312,(anonymous_22)
FNF:23
FNH:0
FNDA:0,(anonymous_0)
FNDA:0,RegisterScreen
FNDA:0,(anonymous_2)
FNDA:0,(anonymous_3)
FNDA:0,(anonymous_4)
FNDA:0,(anonymous_5)
FNDA:0,(anonymous_6)
FNDA:0,(anonymous_7)
FNDA:0,(anonymous_8)
FNDA:0,(anonymous_9)
FNDA:0,(anonymous_10)
FNDA:0,(anonymous_11)
FNDA:0,(anonymous_12)
FNDA:0,(anonymous_13)
FNDA:0,(anonymous_14)
FNDA:0,(anonymous_15)
FNDA:0,(anonymous_16)
FNDA:0,(anonymous_17)
FNDA:0,(anonymous_18)
FNDA:0,(anonymous_19)
FNDA:0,(anonymous_20)
FNDA:0,(anonymous_21)
FNDA:0,(anonymous_22)
DA:24,0
DA:25,0
DA:28,0
DA:29,0
DA:30,0
DA:31,0
DA:33,0
DA:36,0
DA:37,0
DA:38,0
DA:39,0
DA:40,0
DA:42,0
DA:44,0
DA:45,0
DA:46,0
DA:48,0
DA:49,0
DA:50,0
DA:54,0
DA:58,0
DA:59,0
DA:62,0
DA:63,0
DA:64,0
DA:66,0
DA:67,0
DA:68,0
DA:70,0
DA:71,0
DA:72,0
DA:75,0
DA:76,0
DA:77,0
DA:78,0
DA:85,0
DA:87,0
DA:88,0
DA:89,0
DA:91,0
DA:94,0
DA:98,0
DA:99,0
DA:102,0
DA:113,0
DA:163,0
DA:164,0
DA:166,0
DA:167,0
DA:182,0
DA:183,0
DA:185,0
DA:186,0
DA:210,0
DA:211,0
DA:213,0
DA:214,0
DA:223,0
DA:250,0
DA:251,0
DA:253,0
DA:254,0
DA:263,0
DA:302,0
DA:312,0
DA:313,0
LF:66
LH:0
BRDA:33,0,0,0
BRDA:33,0,1,0
BRDA:54,1,0,0
BRDA:54,1,1,0
BRDA:54,1,2,0
BRDA:59,2,0,0
BRDA:59,2,1,0
BRDA:59,3,0,0
BRDA:59,3,1,0
BRDA:62,4,0,0
BRDA:62,4,1,0
BRDA:66,5,0,0
BRDA:66,5,1,0
BRDA:70,6,0,0
BRDA:70,6,1,0
BRDA:81,7,0,0
BRDA:81,7,1,0
BRDA:88,8,0,0
BRDA:88,8,1,0
BRDA:89,9,0,0
BRDA:89,9,1,0
BRDA:99,10,0,0
BRDA:99,10,1,0
BRDA:106,11,0,0
BRDA:106,11,1,0
BRDA:122,12,0,0
BRDA:122,12,1,0
BRDA:159,13,0,0
BRDA:159,13,1,0
BRDA:179,14,0,0
BRDA:179,14,1,0
BRDA:203,15,0,0
BRDA:203,15,1,0
BRDA:228,16,0,0
BRDA:228,16,1,0
BRDA:243,17,0,0
BRDA:243,17,1,0
BRDA:269,18,0,0
BRDA:269,18,1,0
BRDA:284,19,0,0
BRDA:284,19,1,0
BRDA:284,19,2,0
BRDA:287,20,0,0
BRDA:287,20,1,0
BRDA:289,21,0,0
BRDA:289,21,1,0
BRF:46
BRH:0
end_of_record
TN:
SF:app/reminder.tsx
FN:34,(anonymous_0)
FN:61,parseReminderTime
FN:77,formatReminderTime
FN:83,ReminderScreen
FN:93,(anonymous_4)
FN:103,(anonymous_5)
FN:115,(anonymous_6)
FN:118,(anonymous_7)
FN:128,(anonymous_8)
FN:129,(anonymous_9)
FN:136,(anonymous_10)
FN:141,(anonymous_11)
FN:152,(anonymous_12)
FN:154,(anonymous_13)
FN:157,(anonymous_14)
FN:160,(anonymous_15)
FN:164,(anonymous_16)
FN:177,(anonymous_17)
FN:189,(anonymous_18)
FN:194,(anonymous_19)
FN:205,(anonymous_20)
FN:224,(anonymous_21)
FN:249,(anonymous_22)
FN:287,(anonymous_23)
FN:305,(anonymous_24)
FN:314,(anonymous_25)
FN:321,(anonymous_26)
FN:339,(anonymous_27)
FN:342,(anonymous_28)
FN:382,(anonymous_29)
FN:384,(anonymous_30)
FN:402,(anonymous_31)
FN:424,(anonymous_32)
FN:431,(anonymous_33)
FN:468,(anonymous_34)
FNF:35
FNH:12
FNDA:28,(anonymous_0)
FNDA:2,parseReminderTime
FNDA:2,formatReminderTime
FNDA:2,ReminderScreen
FNDA:1,(anonymous_4)
FNDA:1,(anonymous_5)
FNDA:0,(anonymous_6)
FNDA:0,(anonymous_7)
FNDA:1,(anonymous_8)
FNDA:1,(anonymous_9)
FNDA:2,(anonymous_10)
FNDA:0,(anonymous_11)
FNDA:0,(anonymous_12)
FNDA:0,(anonymous_13)
FNDA:0,(anonymous_14)
FNDA:0,(anonymous_15)
FNDA:0,(anonymous_16)
FNDA:0,(anonymous_17)
FNDA:0,(anonymous_18)
FNDA:0,(anonymous_19)
FNDA:0,(anonymous_20)
FNDA:0,(anonymous_21)
FNDA:0,(anonymous_22)
FNDA:0,(anonymous_23)
FNDA:0,(anonymous_24)
FNDA:4,(anonymous_25)
FNDA:0,(anonymous_26)
FNDA:0,(anonymous_27)
FNDA:0,(anonymous_28)
FNDA:0,(anonymous_29)
FNDA:0,(anonymous_30)
FNDA:0,(anonymous_31)
FNDA:14,(anonymous_32)
FNDA:0,(anonymous_33)
FNDA:2,(anonymous_34)
DA:33,1
DA:34,28
DA:36,1
DA:37,1
DA:38,1
DA:42,1
DA:44,1
DA:56,1
DA:62,2
DA:65,2
DA:66,2
DA:67,2
DA:69,2
DA:70,2
DA:71,2
DA:72,2
DA:74,2
DA:78,2
DA:84,2
DA:85,2
DA:86,2
DA:87,2
DA:89,2
DA:90,2
DA:92,2
DA:93,2
DA:94,2
DA:95,2
DA:96,2
DA:97,2
DA:98,2
DA:99,2
DA:100,2
DA:101,2
DA:103,2
DA:104,1
DA:106,1
DA:108,1
DA:112,1
DA:116,0
DA:118,0
DA:121,1
DA:122,1
DA:123,1
DA:124,1
DA:125,1
DA:128,2
DA:129,1
DA:130,1
DA:131,0
DA:136,2
DA:137,2
DA:138,2
DA:139,2
DA:141,2
DA:142,0
DA:143,0
DA:144,0
DA:146,0
DA:147,0
DA:148,0
DA:152,2
DA:153,0
DA:154,0
DA:155,0
DA:156,0
DA:157,0
DA:160,0
DA:164,2
DA:165,0
DA:166,0
DA:169,0
DA:170,0
DA:173,0
DA:174,0
DA:177,2
DA:178,0
DA:180,0
DA:181,0
DA:182,0
DA:183,0
DA:186,0
DA:189,2
DA:190,0
DA:191,0
DA:194,2
DA:195,0
DA:196,0
DA:199,0
DA:200,0
DA:201,0
DA:202,0
DA:205,2
DA:206,0
DA:207,0
DA:210,0
DA:211,0
DA:212,0
DA:214,0
DA:215,0
DA:223,0
DA:224,0
DA:225,0
DA:226,0
DA:229,0
DA:230,0
DA:232,0
DA:235,0
DA:239,2
DA:249,0
DA:288,0
DA:289,0
DA:305,0
DA:315,4
DA:317,4
DA:321,0
DA:340,0
DA:342,0
DA:382,0
DA:384,0
DA:402,0
DA:425,14
DA:427,14
DA:431,0
DA:468,1
DA:469,2
LF:126
LH:65
BRDA:62,0,0,0
BRDA:62,1,0,0
BRDA:62,2,0,2
BRDA:62,2,1,1
BRDA:69,3,0,2
BRDA:69,3,1,0
BRDA:70,4,0,2
BRDA:70,4,1,0
BRDA:89,5,0,0
BRDA:89,5,1,2
BRDA:104,6,0,0
BRDA:104,6,1,1
BRDA:108,7,0,1
BRDA:108,7,1,0
BRDA:108,8,0,1
BRDA:108,8,1,0
BRDA:112,9,0,1
BRDA:112,9,1,0
BRDA:116,10,0,0
BRDA:116,10,1,0
BRDA:116,10,2,0
BRDA:130,11,0,0
BRDA:130,11,1,1
BRDA:139,12,0,2
BRDA:139,12,1,2
BRDA:139,12,2,0
BRDA:142,13,0,0
BRDA:142,13,1,0
BRDA:143,14,0,0
BRDA:143,14,1,0
BRDA:146,15,0,0
BRDA:146,15,1,0
BRDA:156,16,0,0
BRDA:156,16,1,0
BRDA:165,17,0,0
BRDA:165,17,1,0
BRDA:169,18,0,0
BRDA:169,18,1,0
BRDA:169,19,0,0
BRDA:169,19,1,0
BRDA:180,20,0,0
BRDA:180,20,1,0
BRDA:195,21,0,0
BRDA:195,21,1,0
BRDA:206,22,0,0
BRDA:206,22,1,0
BRDA:206,23,0,0
BRDA:206,23,1,0
BRDA:220,24,0,0
BRDA:220,24,1,0
BRDA:229,25,0,0
BRDA:229,25,1,0
BRDA:230,26,0,0
BRDA:230,26,1,0
BRDA:252,27,0,0
BRDA:252,27,1,2
BRDA:266,28,0,0
BRDA:266,28,1,2
BRDA:320,29,0,4
BRDA:320,29,1,2
BRDA:326,30,0,4
BRDA:326,30,1,2
BRDA:336,31,0,2
BRDA:336,31,1,0
BRDA:338,32,0,0
BRDA:338,32,1,0
BRDA:352,33,0,2
BRDA:352,33,1,0
BRDA:356,34,0,0
BRDA:356,34,1,2
BRDA:369,35,0,2
BRDA:369,35,1,2
BRDA:369,35,2,0
BRDA:379,36,0,2
BRDA:379,36,1,0
BRDA:430,37,0,14
BRDA:430,37,1,0
BRDA:436,38,0,14
BRDA:436,38,1,0
BRDA:451,39,0,2
BRDA:451,39,1,2
BRDA:496,40,0,0
BRDA:496,40,1,2
BRDA:601,41,0,0
BRDA:601,41,1,2
BRF:85
BRH:30
end_of_record
TN:
SF:app/result.tsx
FN:23,(anonymous_0)
FN:78,mapServerStateToKey
FN:82,buildCategoryScoresFromServer
FN:83,(anonymous_3)
FN:86,buildAnswersMapFromHistory
FN:88,(anonymous_5)
FN:92,ResultScreen
FN:108,(anonymous_7)
FN:126,(anonymous_8)
FN:127,(anonymous_9)
FN:128,(anonymous_10)
FN:145,(anonymous_11)
FN:156,(anonymous_12)
FN:160,(anonymous_13)
FN:236,(anonymous_14)
FN:259,(anonymous_15)
FN:278,(anonymous_16)
FN:297,(anonymous_17)
FN:307,(anonymous_18)
FN:318,(anonymous_19)
FNF:20
FNH:20
FNDA:143,(anonymous_0)
FNDA:4,mapServerStateToKey
FNDA:4,buildCategoryScoresFromServer
FNDA:16,(anonymous_3)
FNDA:4,buildAnswersMapFromHistory
FNDA:8,(anonymous_5)
FNDA:11,ResultScreen
FNDA:6,(anonymous_7)
FNDA:8,(anonymous_8)
FNDA:8,(anonymous_9)
FNDA:4,(anonymous_10)
FNDA:4,(anonymous_11)
FNDA:5,(anonymous_12)
FNDA:9,(anonymous_13)
FNDA:16,(anonymous_14)
FNDA:8,(anonymous_15)
FNDA:1,(anonymous_16)
FNDA:1,(anonymous_17)
FNDA:1,(anonymous_18)
FNDA:11,(anonymous_19)
DA:22,1
DA:23,143
DA:62,1
DA:69,1
DA:79,4
DA:83,16
DA:87,4
DA:88,8
DA:93,11
DA:94,11
DA:95,11
DA:96,11
DA:101,11
DA:104,11
DA:105,11
DA:106,11
DA:108,11
DA:109,6
DA:110,2
DA:111,2
DA:112,2
DA:115,4
DA:116,4
DA:118,4
DA:119,4
DA:124,4
DA:125,4
DA:126,8
DA:127,8
DA:128,4
DA:131,4
DA:142,4
DA:143,4
DA:145,4
DA:149,0
DA:150,0
DA:152,4
DA:156,11
DA:157,5
DA:160,11
DA:161,9
DA:162,5
DA:165,4
DA:166,4
DA:168,4
DA:184,11
DA:186,11
DA:187,5
DA:196,6
DA:197,2
DA:211,4
DA:237,16
DA:260,8
DA:279,1
DA:297,1
DA:307,1
DA:318,1
DA:319,11
LF:58
LH:56
BRDA:79,0,0,4
BRDA:79,0,1,0
BRDA:109,1,0,2
BRDA:109,1,1,4
BRDA:131,2,0,4
BRDA:131,2,1,0
BRDA:144,3,0,4
BRDA:144,3,1,0
BRDA:145,4,0,4
BRDA:145,4,1,4
BRDA:145,5,0,4
BRDA:145,5,1,4
BRDA:161,6,0,5
BRDA:161,6,1,4
BRDA:180,7,0,4
BRDA:180,7,1,0
BRDA:186,8,0,5
BRDA:186,8,1,6
BRDA:196,9,0,2
BRDA:196,9,1,4
BRDA:196,10,0,6
BRDA:196,10,1,4
BRDA:201,11,0,2
BRDA:201,11,1,0
BRDA:291,12,0,1
BRDA:291,12,1,3
BRF:26
BRH:21
end_of_record
TN:
SF:app/survey-review.tsx
FN:19,(anonymous_0)
FN:48,normalizeSelectedOption
FN:60,SurveyReviewScreen
FN:68,(anonymous_3)
FN:80,(anonymous_4)
FN:83,loadQuestions
FN:93,(anonymous_6)
FN:102,(anonymous_7)
FN:103,(anonymous_8)
FN:104,(anonymous_9)
FN:126,(anonymous_10)
FN:142,(anonymous_11)
FN:151,(anonymous_12)
FN:178,(anonymous_13)
FN:199,(anonymous_14)
FN:246,(anonymous_15)
FNF:16
FNH:0
FNDA:0,(anonymous_0)
FNDA:0,normalizeSelectedOption
FNDA:0,SurveyReviewScreen
FNDA:0,(anonymous_3)
FNDA:0,(anonymous_4)
FNDA:0,loadQuestions
FNDA:0,(anonymous_6)
FNDA:0,(anonymous_7)
FNDA:0,(anonymous_8)
FNDA:0,(anonymous_9)
FNDA:0,(anonymous_10)
FNDA:0,(anonymous_11)
FNDA:0,(anonymous_12)
FNDA:0,(anonymous_13)
FNDA:0,(anonymous_14)
FNDA:0,(anonymous_15)
DA:18,0
DA:19,0
DA:41,0
DA:49,0
DA:50,0
DA:53,0
DA:54,0
DA:57,0
DA:61,0
DA:62,0
DA:63,0
DA:68,0
DA:69,0
DA:70,0
DA:72,0
DA:76,0
DA:77,0
DA:78,0
DA:80,0
DA:81,0
DA:84,0
DA:85,0
DA:87,0
DA:88,0
DA:89,0
DA:90,0
DA:91,0
DA:93,0
DA:96,0
DA:98,0
DA:101,0
DA:102,0
DA:103,0
DA:104,0
DA:106,0
DA:107,0
DA:108,0
DA:109,0
DA:111,0
DA:114,0
DA:123,0
DA:124,0
DA:126,0
DA:129,0
DA:132,0
DA:133,0
DA:134,0
DA:136,0
DA:140,0
DA:142,0
DA:143,0
DA:147,0
DA:151,0
DA:179,0
DA:180,0
DA:181,0
DA:183,0
DA:200,0
DA:201,0
DA:246,0
DA:247,0
LF:61
LH:0
BRDA:49,0,0,0
BRDA:49,0,1,0
BRDA:49,1,0,0
BRDA:49,1,1,0
BRDA:53,2,0,0
BRDA:53,2,1,0
BRDA:53,3,0,0
BRDA:53,3,1,0
BRDA:70,4,0,0
BRDA:70,4,1,0
BRDA:88,5,0,0
BRDA:88,5,1,0
BRDA:90,6,0,0
BRDA:90,6,1,0
BRDA:93,7,0,0
BRDA:93,7,1,0
BRDA:93,8,0,0
BRDA:93,8,1,0
BRDA:106,9,0,0
BRDA:106,9,1,0
BRDA:107,10,0,0
BRDA:107,10,1,0
BRDA:123,11,0,0
BRDA:123,11,1,0
BRDA:125,12,0,0
BRDA:125,12,1,0
BRDA:126,13,0,0
BRDA:126,13,1,0
BRDA:126,14,0,0
BRDA:126,14,1,0
BRDA:132,15,0,0
BRDA:132,15,1,0
BRDA:161,16,0,0
BRDA:161,16,1,0
BRDA:165,17,0,0
BRDA:165,17,1,0
BRDA:169,18,0,0
BRDA:169,18,1,0
BRDA:184,19,0,0
BRDA:184,19,1,0
BRDA:196,20,0,0
BRDA:196,20,1,0
BRDA:206,21,0,0
BRDA:206,21,1,0
BRDA:217,22,0,0
BRDA:217,22,1,0
BRDA:222,23,0,0
BRDA:222,23,1,0
BRDA:226,24,0,0
BRDA:226,24,1,0
BRF:50
BRH:0
end_of_record
TN:
SF:app/survey.tsx
FN:25,(anonymous_0)
FN:49,SurveyScreen
FN:63,(anonymous_2)
FN:93,(anonymous_3)
FN:107,(anonymous_4)
FN:110,(anonymous_5)
FN:117,(anonymous_6)
FN:121,(anonymous_7)
FN:130,(anonymous_8)
FN:135,(anonymous_9)
FN:147,(anonymous_10)
FN:168,(anonymous_11)
FN:171,(anonymous_12)
FN:175,(anonymous_13)
FN:195,(anonymous_14)
FN:206,(anonymous_15)
FN:223,(anonymous_16)
FN:236,(anonymous_17)
FN:262,(anonymous_18)
FN:267,(anonymous_19)
FN:305,(anonymous_20)
FNF:21
FNH:16
FNDA:117,(anonymous_0)
FNDA:13,SurveyScreen
FNDA:4,(anonymous_2)
FNDA:4,(anonymous_3)
FNDA:10,(anonymous_4)
FNDA:12,(anonymous_5)
FNDA:3,(anonymous_6)
FNDA:3,(anonymous_7)
FNDA:3,(anonymous_8)
FNDA:2,(anonymous_9)
FNDA:2,(anonymous_10)
FNDA:2,(anonymous_11)
FNDA:0,(anonymous_12)
FNDA:0,(anonymous_13)
FNDA:0,(anonymous_14)
FNDA:0,(anonymous_15)
FNDA:0,(anonymous_16)
FNDA:1,(anonymous_17)
FNDA:18,(anonymous_18)
FNDA:3,(anonymous_19)
FNDA:13,(anonymous_20)
DA:24,1
DA:25,117
DA:50,13
DA:51,13
DA:52,13
DA:54,13
DA:56,13
DA:57,13
DA:58,13
DA:59,13
DA:60,13
DA:61,13
DA:63,13
DA:64,4
DA:65,4
DA:67,4
DA:68,4
DA:73,4
DA:75,4
DA:76,0
DA:77,0
DA:78,0
DA:81,4
DA:82,4
DA:83,4
DA:84,4
DA:86,0
DA:87,0
DA:89,4
DA:93,13
DA:94,4
DA:97,13
DA:98,13
DA:99,13
DA:103,13
DA:104,13
DA:105,13
DA:107,13
DA:108,10
DA:110,12
DA:117,13
DA:118,3
DA:120,3
DA:121,3
DA:130,13
DA:131,3
DA:133,3
DA:134,1
DA:135,1
DA:136,2
DA:138,2
DA:146,1
DA:147,2
DA:153,1
DA:162,0
DA:165,1
DA:168,2
DA:171,13
DA:172,0
DA:173,0
DA:175,0
DA:179,13
DA:180,4
DA:189,9
DA:190,0
DA:195,0
DA:206,0
DA:217,9
DA:218,0
DA:223,0
DA:233,9
DA:236,1
DA:263,18
DA:267,3
DA:305,1
DA:306,13
LF:76
LH:62
BRDA:54,0,0,0
BRDA:54,0,1,13
BRDA:73,1,0,4
BRDA:73,1,1,0
BRDA:75,2,0,0
BRDA:75,2,1,4
BRDA:98,3,0,9
BRDA:98,3,1,4
BRDA:99,4,0,9
BRDA:99,4,1,4
BRDA:103,5,0,13
BRDA:103,5,1,9
BRDA:105,6,0,13
BRDA:105,6,1,9
BRDA:105,6,2,9
BRDA:108,7,0,4
BRDA:108,7,1,6
BRDA:118,8,0,0
BRDA:118,8,1,3
BRDA:131,9,0,0
BRDA:131,9,1,3
BRDA:133,10,0,1
BRDA:133,10,1,2
BRDA:141,11,0,2
BRDA:141,11,1,0
BRDA:142,12,0,2
BRDA:142,12,1,0
BRDA:142,12,2,0
BRDA:149,13,0,2
BRDA:149,13,1,0
BRDA:158,14,0,1
BRDA:158,14,1,0
BRDA:172,15,0,0
BRDA:172,15,1,0
BRDA:179,16,0,4
BRDA:179,16,1,9
BRDA:189,17,0,0
BRDA:189,17,1,9
BRDA:217,18,0,0
BRDA:217,18,1,9
BRDA:217,19,0,9
BRDA:217,19,1,9
BRDA:257,20,0,0
BRDA:257,20,1,9
BRDA:273,21,0,3
BRDA:273,21,1,6
BRDA:274,22,0,3
BRDA:274,22,1,6
BRDA:285,23,0,3
BRDA:285,23,1,6
BRDA:286,24,0,9
BRDA:286,24,1,6
BRDA:292,25,0,3
BRDA:292,25,1,6
BRDA:295,26,0,3
BRDA:295,26,1,6
BRF:56
BRH:41
end_of_record
TN:
SF:app/(tabs)/history.tsx
FN:24,(anonymous_0)
FN:68,formatHistoryTimestamp
FN:102,mapApiHistoryItem
FN:131,HistoryScreen
FN:145,(anonymous_4)
FN:176,(anonymous_5)
FN:196,(anonymous_6)
FN:204,(anonymous_7)
FN:209,(anonymous_8)
FN:217,(anonymous_9)
FN:224,(anonymous_10)
FN:243,(anonymous_11)
FN:245,(anonymous_12)
FN:277,(anonymous_13)
FN:278,(anonymous_14)
FN:298,(anonymous_15)
FN:304,(anonymous_16)
FNF:17
FNH:0
FNDA:0,(anonymous_0)
FNDA:0,formatHistoryTimestamp
FNDA:0,mapApiHistoryItem
FNDA:0,HistoryScreen
FNDA:0,(anonymous_4)
FNDA:0,(anonymous_5)
FNDA:0,(anonymous_6)
FNDA:0,(anonymous_7)
FNDA:0,(anonymous_8)
FNDA:0,(anonymous_9)
FNDA:0,(anonymous_10)
FNDA:0,(anonymous_11)
FNDA:0,(anonymous_12)
FNDA:0,(anonymous_13)
FNDA:0,(anonymous_14)
FNDA:0,(anonymous_15)
FNDA:0,(anonymous_16)
DA:23,0
DA:24,0
DA:25,0
DA:59,0
DA:69,0
DA:70,0
DA:72,0
DA:75,0
DA:76,0
DA:77,0
DA:78,0
DA:84,0
DA:85,0
DA:88,0
DA:89,0
DA:95,0
DA:103,0
DA:104,0
DA:105,0
DA:106,0
DA:108,0
DA:132,0
DA:133,0
DA:134,0
DA:135,0
DA:136,0
DA:137,0
DA:138,0
DA:139,0
DA:140,0
DA:141,0
DA:142,0
DA:144,0
DA:146,0
DA:147,0
DA:149,0
DA:150,0
DA:151,0
DA:152,0
DA:154,0
DA:157,0
DA:158,0
DA:161,0
DA:162,0
DA:173,0
DA:174,0
DA:176,0
DA:177,0
DA:179,0
DA:180,0
DA:182,0
DA:183,0
DA:185,0
DA:188,0
DA:189,0
DA:190,0
DA:196,0
DA:197,0
DA:198,0
DA:199,0
DA:200,0
DA:201,0
DA:204,0
DA:205,0
DA:206,0
DA:209,0
DA:210,0
DA:211,0
DA:214,0
DA:217,0
DA:218,0
DA:219,0
DA:220,0
DA:221,0
DA:224,0
DA:225,0
DA:226,0
DA:229,0
DA:236,0
DA:238,0
DA:243,0
DA:245,0
DA:277,0
DA:278,0
DA:298,0
DA:304,0
DA:305,0
LF:87
LH:0
BRDA:72,0,0,0
BRDA:72,0,1,0
BRDA:72,0,2,0
BRDA:84,1,0,0
BRDA:84,1,1,0
BRDA:88,2,0,0
BRDA:88,2,1,0
BRDA:104,3,0,0
BRDA:104,3,1,0
BRDA:105,4,0,0
BRDA:105,4,1,0
BRDA:106,5,0,0
BRDA:106,5,1,0
BRDA:118,6,0,0
BRDA:118,6,1,0
BRDA:146,7,0,0
BRDA:146,7,1,0
BRDA:147,8,0,0
BRDA:147,8,1,0
BRDA:149,9,0,0
BRDA:149,9,1,0
BRDA:151,10,0,0
BRDA:151,10,1,0
BRDA:157,11,0,0
BRDA:157,11,1,0
BRDA:177,12,0,0
BRDA:177,12,1,0
BRDA:177,13,0,0
BRDA:177,13,1,0
BRDA:180,14,0,0
BRDA:180,14,1,0
BRDA:182,15,0,0
BRDA:182,15,1,0
BRDA:210,16,0,0
BRDA:210,16,1,0
BRDA:210,17,0,0
BRDA:210,17,1,0
BRDA:210,17,2,0
BRDA:210,17,3,0
BRDA:225,18,0,0
BRDA:225,18,1,0
BRDA:236,19,0,0
BRDA:236,19,1,0
BRDA:236,19,2,0
BRDA:249,20,0,0
BRDA:249,20,1,0
BRDA:256,21,0,0
BRDA:256,21,1,0
BRDA:260,22,0,0
BRDA:260,22,1,0
BRDA:268,23,0,0
BRDA:268,23,1,0
BRF:52
BRH:0
end_of_record
TN:
SF:app/(tabs)/index.tsx
FN:13,getCurrentDateTime
FN:22,HomeScreen
FN:108,(anonymous_2)
FN:167,(anonymous_3)
FN:186,(anonymous_4)
FN:204,(anonymous_5)
FNF:6
FNH:4
FNDA:16,getCurrentDateTime
FNDA:16,HomeScreen
FNDA:1,(anonymous_2)
FNDA:0,(anonymous_3)
FNDA:0,(anonymous_4)
FNDA:16,(anonymous_5)
DA:14,16
DA:15,16
DA:16,16
DA:17,16
DA:18,16
DA:19,16
DA:23,16
DA:24,16
DA:25,16
DA:26,16
DA:27,16
DA:38,16
DA:108,1
DA:167,0
DA:187,0
DA:188,0
DA:204,1
DA:205,16
LF:18
LH:15
BRDA:26,0,0,16
BRDA:26,0,1,16
BRDA:26,0,2,0
BRF:3
BRH:2
end_of_record
TN:
SF:app/(tabs)/settings.tsx
FN:24,(anonymous_0)
FN:26,SettingsScreen
FN:37,(anonymous_2)
FN:46,(anonymous_3)
FN:52,(anonymous_4)
FN:75,(anonymous_5)
FN:85,(anonymous_6)
FN:160,(anonymous_7)
FN:212,(anonymous_8)
FNF:9
FNH:4
FNDA:45,(anonymous_0)
FNDA:9,SettingsScreen
FNDA:2,(anonymous_2)
FNDA:0,(anonymous_3)
FNDA:0,(anonymous_4)
FNDA:0,(anonymous_5)
FNDA:0,(anonymous_6)
FNDA:0,(anonymous_7)
FNDA:9,(anonymous_8)
DA:23,1
DA:24,45
DA:27,9
DA:28,9
DA:29,9
DA:30,9
DA:32,9
DA:35,9
DA:37,9
DA:38,2
DA:39,2
DA:46,9
DA:47,0
DA:53,0
DA:54,0
DA:55,0
DA:56,0
DA:58,0
DA:65,9
DA:75,0
DA:85,0
DA:160,0
DA:212,1
DA:213,9
LF:24
LH:15
BRDA:32,0,0,4
BRDA:32,0,1,5
BRDA:38,1,0,1
BRDA:38,1,1,1
BRDA:80,2,0,9
BRDA:80,2,1,4
BRDA:101,3,0,4
BRDA:101,3,1,4
BRDA:185,4,0,0
BRDA:185,4,1,9
BRF:10
BRH:9
end_of_record
