TN:
SF:app\onboarding.tsx
FN:32,OnboardingScreen
FN:38,(anonymous_1)
FN:43,(anonymous_2)
FN:53,(anonymous_3)
FN:57,(anonymous_4)
FN:96,(anonymous_5)
FN:145,(anonymous_6)
FNF:7
FNH:5
FNDA:3,OnboardingScreen
FNDA:1,(anonymous_1)
FNDA:0,(anonymous_2)
FNDA:1,(anonymous_3)
FNDA:0,(anonymous_4)
FNDA:9,(anonymous_5)
FNDA:9,(anonymous_6)
DA:9,1
DA:11,1
DA:33,3
DA:34,3
DA:36,3
DA:38,3
DA:40,1
DA:43,3
DA:44,0
DA:45,0
DA:46,0
DA:47,0
DA:49,0
DA:53,3
DA:54,1
DA:57,3
DA:60,0
DA:61,0
DA:62,0
DA:66,3
DA:97,9
DA:146,9
LF:22
LH:14
BRDA:44,0,0,0
BRDA:44,0,1,0
BRDA:61,1,0,0
BRDA:61,1,1,0
BRDA:77,2,0,3
BRDA:77,2,1,3
BRDA:150,3,0,3
BRDA:150,3,1,6
BRDA:152,4,0,3
BRDA:152,4,1,6
BRDA:160,5,0,0
BRDA:160,5,1,3
BRF:12
BRH:7
end_of_record
TN:
SF:app\(tabs)\index.tsx
FN:9,getCurrentDateTime
FN:29,HomeScreen
FNF:2
FNH:2
FNDA:3,getCurrentDateTime
FNDA:3,HomeScreen
DA:10,3
DA:11,3
DA:12,3
DA:13,3
DA:14,3
DA:15,3
DA:18,1
DA:30,3
DA:176,1
LF:9
LH:9
BRF:0
BRH:0
end_of_record
TN:
SF:assets\images\onboarding_1.png
FNF:0
FNH:0
DA:1,1
LF:1
LH:1
BRF:0
BRH:0
end_of_record
TN:
SF:assets\images\onboarding_2.png
FNF:0
FNH:0
DA:1,1
LF:1
LH:1
BRF:0
BRH:0
end_of_record
TN:
SF:assets\images\onboarding_3.png
FNF:0
FNH:0
DA:1,1
LF:1
LH:1
BRF:0
BRH:0
end_of_record
TN:
SF:components\ui\button\index.tsx
FN:291,(anonymous_0)
FN:312,(anonymous_1)
FN:351,(anonymous_2)
FN:403,(anonymous_3)
FNF:4
FNH:2
FNDA:6,(anonymous_0)
FNDA:6,(anonymous_1)
FNDA:0,(anonymous_2)
FNDA:0,(anonymous_3)
DA:14,2
DA:16,2
DA:18,2
DA:26,2
DA:39,2
DA:121,2
DA:200,2
DA:256,2
DA:287,2
DA:295,6
DA:309,2
DA:317,6
DA:319,6
DA:338,2
DA:348,2
DA:356,0
DA:358,0
DA:359,0
DA:367,0
DA:371,0
DA:379,0
DA:399,2
DA:413,0
DA:428,2
DA:429,2
DA:430,2
DA:431,2
DA:432,2
LF:28
LH:21
BRDA:292,0,0,6
BRDA:292,1,0,0
BRDA:292,2,0,6
BRDA:358,3,0,0
BRDA:358,3,1,0
BRDA:367,4,0,0
BRDA:367,4,1,0
BRDA:368,5,0,0
BRDA:368,5,1,0
BRDA:368,5,2,0
BRDA:406,6,0,0
BRDA:407,7,0,0
BRDA:408,8,0,0
BRF:13
BRH:2
end_of_record
TN:
SF:components\ui\heading\index.tsx
FN:21,MappedHeading
FN:179,Heading
FNF:2
FNH:2
FNDA:15,MappedHeading
FNDA:15,Heading
DA:12,2
DA:13,2
DA:14,2
DA:15,2
DA:16,2
DA:17,2
DA:19,2
DA:36,15
DA:40,0
DA:59,3
DA:78,9
DA:97,3
DA:116,0
DA:136,0
DA:155,0
DA:178,2
DA:191,15
DA:193,15
DA:194,0
DA:212,15
DA:218,2
LF:21
LH:16
BRDA:36,0,0,0
BRDA:36,0,1,0
BRDA:36,0,2,0
BRDA:36,0,3,3
BRDA:36,0,4,9
BRDA:36,0,5,3
BRDA:36,0,6,0
BRDA:36,0,7,0
BRDA:36,0,8,0
BRDA:36,0,9,0
BRDA:180,1,0,0
BRDA:193,2,0,0
BRDA:193,2,1,15
BRF:13
BRH:4
end_of_record
TN:
SF:components\ui\heading\styles.tsx
FNF:0
FNH:0
DA:3,2
DA:7,2
LF:2
LH:2
BRDA:3,0,0,0
BRDA:3,0,1,2
BRF:2
BRH:1
end_of_record
TN:
SF:components\ui\text\index.tsx
FN:11,Text
FNF:1
FNH:1
FNDA:42,Text
DA:10,2
DA:26,42
DA:46,2
LF:3
LH:3
BRDA:18,0,0,6
BRF:1
BRH:1
end_of_record
TN:
SF:components\ui\text\styles.tsx
FNF:0
FNH:0
DA:4,2
DA:8,2
LF:2
LH:2
BRDA:4,0,0,0
BRDA:4,0,1,2
BRF:2
BRH:1
end_of_record
